<?xml version="1.0" encoding="UTF-8"?>
<testsuite xmlns:xsi="http://www.w3.org/2001/XMLSchema-instance" xsi:noNamespaceSchemaLocation="https://maven.apache.org/surefire/maven-surefire-plugin/xsd/surefire-test-report-3.0.xsd" version="3.0" name="com.github.devguilhermeribeiiro.ResfWallet.AppTest" time="0.17" tests="1" errors="0" skipped="0" failures="0">
  <properties>
    <property name="java.specification.version" value="21"/>
    <property name="sun.jnu.encoding" value="UTF-8"/>
    <property name="java.class.path" value="/home/guilherme/Development/JavaProjects/ResfWallet/target/test-classes:/home/guilherme/Development/JavaProjects/ResfWallet/target/classes:/home/guilherme/.m2/repository/org/junit/jupiter/junit-jupiter/5.10.2/junit-jupiter-5.10.2.jar:/home/guilherme/.m2/repository/org/junit/jupiter/junit-jupiter-api/5.10.2/junit-jupiter-api-5.10.2.jar:/home/guilherme/.m2/repository/org/opentest4j/opentest4j/1.3.0/opentest4j-1.3.0.jar:/home/guilherme/.m2/repository/org/junit/platform/junit-platform-commons/1.10.2/junit-platform-commons-1.10.2.jar:/home/guilherme/.m2/repository/org/junit/jupiter/junit-jupiter-params/5.10.2/junit-jupiter-params-5.10.2.jar:/home/guilherme/.m2/repository/org/junit/jupiter/junit-jupiter-engine/5.10.2/junit-jupiter-engine-5.10.2.jar:/home/guilherme/.m2/repository/org/junit/platform/junit-platform-launcher/1.10.2/junit-platform-launcher-1.10.2.jar:/home/guilherme/.m2/repository/org/junit/platform/junit-platform-engine/1.10.2/junit-platform-engine-1.10.2.jar:/home/guilherme/.m2/repository/org/apiguardian/apiguardian-api/1.1.2/apiguardian-api-1.1.2.jar:/home/guilherme/.m2/repository/io/javalin/javalin/6.6.0/javalin-6.6.0.jar:/home/guilherme/.m2/repository/org/slf4j/slf4j-api/2.0.17/slf4j-api-2.0.17.jar:/home/guilherme/.m2/repository/org/eclipse/jetty/jetty-server/11.0.25/jetty-server-11.0.25.jar:/home/guilherme/.m2/repository/org/eclipse/jetty/jetty-http/11.0.25/jetty-http-11.0.25.jar:/home/guilherme/.m2/repository/org/eclipse/jetty/jetty-util/11.0.25/jetty-util-11.0.25.jar:/home/guilherme/.m2/repository/org/eclipse/jetty/jetty-io/11.0.25/jetty-io-11.0.25.jar:/home/guilherme/.m2/repository/org/eclipse/jetty/toolchain/jetty-jakarta-servlet-api/5.0.2/jetty-jakarta-servlet-api-5.0.2.jar:/home/guilherme/.m2/repository/org/eclipse/jetty/websocket/websocket-jetty-server/11.0.25/websocket-jetty-server-11.0.25.jar:/home/guilherme/.m2/repository/org/eclipse/jetty/jetty-servlet/11.0.25/jetty-servlet-11.0.25.jar:/home/guilherme/.m2/repository/org/eclipse/jetty/jetty-security/11.0.25/jetty-security-11.0.25.jar:/home/guilherme/.m2/repository/org/eclipse/jetty/jetty-webapp/11.0.25/jetty-webapp-11.0.25.jar:/home/guilherme/.m2/repository/org/eclipse/jetty/jetty-xml/11.0.25/jetty-xml-11.0.25.jar:/home/guilherme/.m2/repository/org/eclipse/jetty/websocket/websocket-jetty-api/11.0.25/websocket-jetty-api-11.0.25.jar:/home/guilherme/.m2/repository/org/eclipse/jetty/websocket/websocket-jetty-common/11.0.25/websocket-jetty-common-11.0.25.jar:/home/guilherme/.m2/repository/org/eclipse/jetty/websocket/websocket-core-common/11.0.25/websocket-core-common-11.0.25.jar:/home/guilherme/.m2/repository/org/eclipse/jetty/websocket/websocket-servlet/11.0.25/websocket-servlet-11.0.25.jar:/home/guilherme/.m2/repository/org/eclipse/jetty/websocket/websocket-core-server/11.0.25/websocket-core-server-11.0.25.jar:/home/guilherme/.m2/repository/org/jetbrains/kotlin/kotlin-stdlib-jdk8/1.9.25/kotlin-stdlib-jdk8-1.9.25.jar:/home/guilherme/.m2/repository/org/jetbrains/kotlin/kotlin-stdlib/1.9.25/kotlin-stdlib-1.9.25.jar:/home/guilherme/.m2/repository/org/jetbrains/annotations/13.0/annotations-13.0.jar:/home/guilherme/.m2/repository/org/jetbrains/kotlin/kotlin-stdlib-jdk7/1.9.25/kotlin-stdlib-jdk7-1.9.25.jar:/home/guilherme/.m2/repository/org/slf4j/slf4j-simple/2.0.16/slf4j-simple-2.0.16.jar:/home/guilherme/.m2/repository/com/fasterxml/jackson/core/jackson-databind/2.17.2/jackson-databind-2.17.2.jar:/home/guilherme/.m2/repository/com/fasterxml/jackson/core/jackson-annotations/2.17.2/jackson-annotations-2.17.2.jar:/home/guilherme/.m2/repository/com/fasterxml/jackson/core/jackson-core/2.17.2/jackson-core-2.17.2.jar:/home/guilherme/.m2/repository/com/h2database/h2/2.1.214/h2-2.1.214.jar:/home/guilherme/.m2/repository/org/hibernate/orm/hibernate-core/7.0.3.Final/hibernate-core-7.0.3.Final.jar:/home/guilherme/.m2/repository/jakarta/transaction/jakarta.transaction-api/2.0.1/jakarta.transaction-api-2.0.1.jar:/home/guilherme/.m2/repository/org/jboss/logging/jboss-logging/3.6.1.Final/jboss-logging-3.6.1.Final.jar:/home/guilherme/.m2/repository/org/hibernate/models/hibernate-models/1.0.0/hibernate-models-1.0.0.jar:/home/guilherme/.m2/repository/com/fasterxml/classmate/1.7.0/classmate-1.7.0.jar:/home/guilherme/.m2/repository/net/bytebuddy/byte-buddy/1.17.5/byte-buddy-1.17.5.jar:/home/guilherme/.m2/repository/jakarta/xml/bind/jakarta.xml.bind-api/4.0.2/jakarta.xml.bind-api-4.0.2.jar:/home/guilherme/.m2/repository/jakarta/activation/jakarta.activation-api/2.1.3/jakarta.activation-api-2.1.3.jar:/home/guilherme/.m2/repository/org/glassfish/jaxb/jaxb-runtime/4.0.5/jaxb-runtime-4.0.5.jar:/home/guilherme/.m2/repository/org/glassfish/jaxb/jaxb-core/4.0.5/jaxb-core-4.0.5.jar:/home/guilherme/.m2/repository/org/eclipse/angus/angus-activation/2.0.2/angus-activation-2.0.2.jar:/home/guilherme/.m2/repository/org/glassfish/jaxb/txw2/4.0.5/txw2-4.0.5.jar:/home/guilherme/.m2/repository/com/sun/istack/istack-commons-runtime/4.1.2/istack-commons-runtime-4.1.2.jar:/home/guilherme/.m2/repository/jakarta/inject/jakarta.inject-api/2.0.1/jakarta.inject-api-2.0.1.jar:/home/guilherme/.m2/repository/org/antlr/antlr4-runtime/4.13.2/antlr4-runtime-4.13.2.jar:/home/guilherme/.m2/repository/jakarta/persistence/jakarta.persistence-api/3.2.0/jakarta.persistence-api-3.2.0.jar:"/>
    <property name="java.vm.vendor" value="Arch Linux"/>
    <property name="sun.arch.data.model" value="64"/>
    <property name="java.vendor.url" value="https://openjdk.org/"/>
    <property name="os.name" value="Linux"/>
    <property name="java.vm.specification.version" value="21"/>
    <property name="sun.java.launcher" value="SUN_STANDARD"/>
    <property name="user.country" value="US"/>
    <property name="sun.boot.library.path" value="/usr/lib/jvm/java-21-openjdk/lib"/>
    <property name="sun.java.command" value="/home/guilherme/Development/JavaProjects/ResfWallet/target/surefire/surefirebooter-20250625004252317_3.jar /home/guilherme/Development/JavaProjects/ResfWallet/target/surefire 2025-06-25T00-42-51_662-jvmRun1 surefire-20250625004252317_1tmp surefire_0-20250625004252317_2tmp"/>
    <property name="jdk.debug" value="release"/>
    <property name="surefire.test.class.path" value="/home/guilherme/Development/JavaProjects/ResfWallet/target/test-classes:/home/guilherme/Development/JavaProjects/ResfWallet/target/classes:/home/guilherme/.m2/repository/org/junit/jupiter/junit-jupiter/5.10.2/junit-jupiter-5.10.2.jar:/home/guilherme/.m2/repository/org/junit/jupiter/junit-jupiter-api/5.10.2/junit-jupiter-api-5.10.2.jar:/home/guilherme/.m2/repository/org/opentest4j/opentest4j/1.3.0/opentest4j-1.3.0.jar:/home/guilherme/.m2/repository/org/junit/platform/junit-platform-commons/1.10.2/junit-platform-commons-1.10.2.jar:/home/guilherme/.m2/repository/org/junit/jupiter/junit-jupiter-params/5.10.2/junit-jupiter-params-5.10.2.jar:/home/guilherme/.m2/repository/org/junit/jupiter/junit-jupiter-engine/5.10.2/junit-jupiter-engine-5.10.2.jar:/home/guilherme/.m2/repository/org/junit/platform/junit-platform-launcher/1.10.2/junit-platform-launcher-1.10.2.jar:/home/guilherme/.m2/repository/org/junit/platform/junit-platform-engine/1.10.2/junit-platform-engine-1.10.2.jar:/home/guilherme/.m2/repository/org/apiguardian/apiguardian-api/1.1.2/apiguardian-api-1.1.2.jar:/home/guilherme/.m2/repository/io/javalin/javalin/6.6.0/javalin-6.6.0.jar:/home/guilherme/.m2/repository/org/slf4j/slf4j-api/2.0.17/slf4j-api-2.0.17.jar:/home/guilherme/.m2/repository/org/eclipse/jetty/jetty-server/11.0.25/jetty-server-11.0.25.jar:/home/guilherme/.m2/repository/org/eclipse/jetty/jetty-http/11.0.25/jetty-http-11.0.25.jar:/home/guilherme/.m2/repository/org/eclipse/jetty/jetty-util/11.0.25/jetty-util-11.0.25.jar:/home/guilherme/.m2/repository/org/eclipse/jetty/jetty-io/11.0.25/jetty-io-11.0.25.jar:/home/guilherme/.m2/repository/org/eclipse/jetty/toolchain/jetty-jakarta-servlet-api/5.0.2/jetty-jakarta-servlet-api-5.0.2.jar:/home/guilherme/.m2/repository/org/eclipse/jetty/websocket/websocket-jetty-server/11.0.25/websocket-jetty-server-11.0.25.jar:/home/guilherme/.m2/repository/org/eclipse/jetty/jetty-servlet/11.0.25/jetty-servlet-11.0.25.jar:/home/guilherme/.m2/repository/org/eclipse/jetty/jetty-security/11.0.25/jetty-security-11.0.25.jar:/home/guilherme/.m2/repository/org/eclipse/jetty/jetty-webapp/11.0.25/jetty-webapp-11.0.25.jar:/home/guilherme/.m2/repository/org/eclipse/jetty/jetty-xml/11.0.25/jetty-xml-11.0.25.jar:/home/guilherme/.m2/repository/org/eclipse/jetty/websocket/websocket-jetty-api/11.0.25/websocket-jetty-api-11.0.25.jar:/home/guilherme/.m2/repository/org/eclipse/jetty/websocket/websocket-jetty-common/11.0.25/websocket-jetty-common-11.0.25.jar:/home/guilherme/.m2/repository/org/eclipse/jetty/websocket/websocket-core-common/11.0.25/websocket-core-common-11.0.25.jar:/home/guilherme/.m2/repository/org/eclipse/jetty/websocket/websocket-servlet/11.0.25/websocket-servlet-11.0.25.jar:/home/guilherme/.m2/repository/org/eclipse/jetty/websocket/websocket-core-server/11.0.25/websocket-core-server-11.0.25.jar:/home/guilherme/.m2/repository/org/jetbrains/kotlin/kotlin-stdlib-jdk8/1.9.25/kotlin-stdlib-jdk8-1.9.25.jar:/home/guilherme/.m2/repository/org/jetbrains/kotlin/kotlin-stdlib/1.9.25/kotlin-stdlib-1.9.25.jar:/home/guilherme/.m2/repository/org/jetbrains/annotations/13.0/annotations-13.0.jar:/home/guilherme/.m2/repository/org/jetbrains/kotlin/kotlin-stdlib-jdk7/1.9.25/kotlin-stdlib-jdk7-1.9.25.jar:/home/guilherme/.m2/repository/org/slf4j/slf4j-simple/2.0.16/slf4j-simple-2.0.16.jar:/home/guilherme/.m2/repository/com/fasterxml/jackson/core/jackson-databind/2.17.2/jackson-databind-2.17.2.jar:/home/guilherme/.m2/repository/com/fasterxml/jackson/core/jackson-annotations/2.17.2/jackson-annotations-2.17.2.jar:/home/guilherme/.m2/repository/com/fasterxml/jackson/core/jackson-core/2.17.2/jackson-core-2.17.2.jar:/home/guilherme/.m2/repository/com/h2database/h2/2.1.214/h2-2.1.214.jar:/home/guilherme/.m2/repository/org/hibernate/orm/hibernate-core/7.0.3.Final/hibernate-core-7.0.3.Final.jar:/home/guilherme/.m2/repository/jakarta/transaction/jakarta.transaction-api/2.0.1/jakarta.transaction-api-2.0.1.jar:/home/guilherme/.m2/repository/org/jboss/logging/jboss-logging/3.6.1.Final/jboss-logging-3.6.1.Final.jar:/home/guilherme/.m2/repository/org/hibernate/models/hibernate-models/1.0.0/hibernate-models-1.0.0.jar:/home/guilherme/.m2/repository/com/fasterxml/classmate/1.7.0/classmate-1.7.0.jar:/home/guilherme/.m2/repository/net/bytebuddy/byte-buddy/1.17.5/byte-buddy-1.17.5.jar:/home/guilherme/.m2/repository/jakarta/xml/bind/jakarta.xml.bind-api/4.0.2/jakarta.xml.bind-api-4.0.2.jar:/home/guilherme/.m2/repository/jakarta/activation/jakarta.activation-api/2.1.3/jakarta.activation-api-2.1.3.jar:/home/guilherme/.m2/repository/org/glassfish/jaxb/jaxb-runtime/4.0.5/jaxb-runtime-4.0.5.jar:/home/guilherme/.m2/repository/org/glassfish/jaxb/jaxb-core/4.0.5/jaxb-core-4.0.5.jar:/home/guilherme/.m2/repository/org/eclipse/angus/angus-activation/2.0.2/angus-activation-2.0.2.jar:/home/guilherme/.m2/repository/org/glassfish/jaxb/txw2/4.0.5/txw2-4.0.5.jar:/home/guilherme/.m2/repository/com/sun/istack/istack-commons-runtime/4.1.2/istack-commons-runtime-4.1.2.jar:/home/guilherme/.m2/repository/jakarta/inject/jakarta.inject-api/2.0.1/jakarta.inject-api-2.0.1.jar:/home/guilherme/.m2/repository/org/antlr/antlr4-runtime/4.13.2/antlr4-runtime-4.13.2.jar:/home/guilherme/.m2/repository/jakarta/persistence/jakarta.persistence-api/3.2.0/jakarta.persistence-api-3.2.0.jar:"/>
    <property name="sun.cpu.endian" value="little"/>
    <property name="user.home" value="/home/guilherme"/>
    <property name="user.language" value="en"/>
    <property name="java.specification.vendor" value="Oracle Corporation"/>
    <property name="java.version.date" value="2025-04-15"/>
    <property name="java.home" value="/usr/lib/jvm/java-21-openjdk"/>
    <property name="file.separator" value="/"/>
    <property name="basedir" value="/home/guilherme/Development/JavaProjects/ResfWallet"/>
    <property name="java.vm.compressedOopsMode" value="32-bit"/>
    <property name="line.separator" value="&#10;"/>
    <property name="java.specification.name" value="Java Platform API Specification"/>
    <property name="java.vm.specification.vendor" value="Oracle Corporation"/>
    <property name="surefire.real.class.path" value="/home/guilherme/Development/JavaProjects/ResfWallet/target/surefire/surefirebooter-20250625004252317_3.jar"/>
    <property name="sun.management.compiler" value="HotSpot 64-Bit Tiered Compilers"/>
    <property name="java.runtime.version" value="21.0.7+6"/>
    <property name="user.name" value="guilherme"/>
    <property name="stdout.encoding" value="UTF-8"/>
    <property name="path.separator" value=":"/>
    <property name="os.version" value="6.12.28-1-MANJARO"/>
    <property name="java.runtime.name" value="OpenJDK Runtime Environment"/>
    <property name="file.encoding" value="UTF-8"/>
    <property name="java.vm.name" value="OpenJDK 64-Bit Server VM"/>
    <property name="localRepository" value="/home/guilherme/.m2/repository"/>
    <property name="java.vendor.url.bug" value="https://bugreport.java.com/bugreport/"/>
    <property name="java.io.tmpdir" value="/tmp"/>
    <property name="java.version" value="21.0.7"/>
    <property name="user.dir" value="/home/guilherme/Development/JavaProjects/ResfWallet"/>
    <property name="os.arch" value="amd64"/>
    <property name="java.vm.specification.name" value="Java Virtual Machine Specification"/>
    <property name="native.encoding" value="UTF-8"/>
    <property name="java.library.path" value="/usr/java/packages/lib:/usr/lib64:/lib64:/lib:/usr/lib"/>
    <property name="java.vm.info" value="mixed mode, sharing"/>
    <property name="stderr.encoding" value="UTF-8"/>
    <property name="java.vendor" value="Arch Linux"/>
    <property name="java.vm.version" value="21.0.7+6"/>
    <property name="sun.io.unicode.encoding" value="UnicodeLittle"/>
    <property name="java.class.version" value="65.0"/>
  </properties>
  <testcase name="appHasAGreeting" classname="com.github.devguilhermeribeiiro.ResfWallet.AppTest" time="0.091"/>
</testsuite>